<?xml version="1.0" encoding="UTF-8"?>
<robot generator="Robot 7.0.1 (Python 3.12.4 on win32)" generated="2024-07-09T11:26:25.453270" rpa="false" schemaversion="5">
<suite id="s1" name="Create Va" source="D:\robot_create_va\create_va.robot">
<test id="s1-t1" name="Valid Login" line="10">
<kw name="Open Browser To Merchant Page">
<kw name="Open Browser" owner="SeleniumLibrary">
<msg time="2024-07-09T11:26:25.656817" level="INFO">Opening browser 'Chrome' to base url 'https://web.santikadev.com/hotel?hotelId=66&amp;checkInDate=2024-07-30&amp;duration=1&amp;rooms=1&amp;specialRateCode'.</msg>
<arg>${URL}</arg>
<arg>${BROWSER}</arg>
<doc>Opens a new browser instance to the optional ``url``.</doc>
<status status="PASS" start="2024-07-09T11:26:25.656817" elapsed="12.315311"/>
</kw>
<kw name="Maximize Browser Window" owner="SeleniumLibrary">
<doc>Maximizes current browser window.</doc>
<status status="PASS" start="2024-07-09T11:26:37.973078" elapsed="0.096820"/>
</kw>
<kw name="Title Should Be" owner="SeleniumLibrary">
<msg time="2024-07-09T11:26:38.101941" level="INFO">Page title is 'Hotel Santika Bandung | Bandung Hotel - Santika Indonesia Hotels and Resorts'.</msg>
<arg>Hotel Santika Bandung | Bandung Hotel - Santika Indonesia Hotels and Resorts</arg>
<doc>Verifies that the current page title equals ``title``.</doc>
<status status="PASS" start="2024-07-09T11:26:38.069898" elapsed="0.032043"/>
</kw>
<status status="PASS" start="2024-07-09T11:26:25.656817" elapsed="12.445124"/>
</kw>
<kw name="Select Room">
<kw name="Click Element" owner="SeleniumLibrary">
<msg time="2024-07-09T11:26:38.101941" level="INFO">Clicking element 'xpath=//div[@id='hotel-general']/div[2]/div[2]/div/div/button/div'.</msg>
<arg>xpath=//div[@id='hotel-general']/div[2]/div[2]/div/div/button/div</arg>
<doc>Click the element identified by ``locator``.</doc>
<status status="PASS" start="2024-07-09T11:26:38.101941" elapsed="0.109940"/>
</kw>
<kw name="Sleep" owner="BuiltIn">
<msg time="2024-07-09T11:26:41.212034" level="INFO">Slept 3 seconds.</msg>
<arg>3s</arg>
<doc>Pauses the test executed for the given time.</doc>
<status status="PASS" start="2024-07-09T11:26:38.211881" elapsed="3.000153"/>
</kw>
<kw name="Click Element" owner="SeleniumLibrary">
<msg time="2024-07-09T11:26:41.213071" level="INFO">Clicking element 'xpath=//div[@id='room-list']/div/div/div[4]/div/div[4]/div/button/div'.</msg>
<arg>xpath=//div[@id='room-list']/div/div/div[4]/div/div[4]/div/button/div</arg>
<doc>Click the element identified by ``locator``.</doc>
<status status="PASS" start="2024-07-09T11:26:41.212034" elapsed="0.110888"/>
</kw>
<kw name="Sleep" owner="BuiltIn">
<msg time="2024-07-09T11:26:44.323296" level="INFO">Slept 3 seconds.</msg>
<arg>3s</arg>
<doc>Pauses the test executed for the given time.</doc>
<status status="PASS" start="2024-07-09T11:26:41.322922" elapsed="3.000374"/>
</kw>
<kw name="Click Element" owner="SeleniumLibrary">
<msg time="2024-07-09T11:26:44.323822" level="INFO">Clicking element 'xpath=//div[@id='room']/div/div/div[2]/div/div/div/div/div[4]/button/div'.</msg>
<arg>xpath=//div[@id='room']/div/div/div[2]/div/div/div/div/div[4]/button/div</arg>
<doc>Click the element identified by ``locator``.</doc>
<status status="PASS" start="2024-07-09T11:26:44.323822" elapsed="0.102593"/>
</kw>
<kw name="Sleep" owner="BuiltIn">
<msg time="2024-07-09T11:26:47.428036" level="INFO">Slept 3 seconds.</msg>
<arg>3s</arg>
<doc>Pauses the test executed for the given time.</doc>
<status status="PASS" start="2024-07-09T11:26:44.426415" elapsed="3.001621"/>
</kw>
<status status="PASS" start="2024-07-09T11:26:38.101941" elapsed="9.326095"/>
</kw>
<kw name="Fill in Data">
<kw name="Location Should Be" owner="SeleniumLibrary">
<msg time="2024-07-09T11:26:47.436197" level="INFO">Current location is 'https://web.santikadev.com/booking'.</msg>
<arg>https://web.santikadev.com/booking</arg>
<doc>Verifies that the current URL is exactly ``url``.</doc>
<status status="PASS" start="2024-07-09T11:26:47.430020" elapsed="0.006177"/>
</kw>
<kw name="Sleep" owner="BuiltIn">
<msg time="2024-07-09T11:26:50.436488" level="INFO">Slept 3 seconds.</msg>
<arg>3s</arg>
<doc>Pauses the test executed for the given time.</doc>
<status status="PASS" start="2024-07-09T11:26:47.436197" elapsed="3.001168"/>
</kw>
<kw name="Click Element" owner="SeleniumLibrary">
<msg time="2024-07-09T11:26:50.438373" level="INFO">Clicking element 'xpath=//div[@id='app']/div[12]/main/div/div/div/div/div/div[2]/div/div/div[2]/div/div/div/div/div/div/div/div/div'.</msg>
<arg>xpath=//div[@id='app']/div[12]/main/div/div/div/div/div/div[2]/div/div/div[2]/div/div/div/div/div/div/div/div/div</arg>
<doc>Click the element identified by ``locator``.</doc>
<status status="PASS" start="2024-07-09T11:26:50.438373" elapsed="0.133860"/>
</kw>
<kw name="Sleep" owner="BuiltIn">
<msg time="2024-07-09T11:26:53.577824" level="INFO">Slept 3 seconds.</msg>
<arg>3s</arg>
<doc>Pauses the test executed for the given time.</doc>
<status status="PASS" start="2024-07-09T11:26:50.577260" elapsed="3.000564"/>
</kw>
<kw name="Click Element" owner="SeleniumLibrary">
<msg time="2024-07-09T11:26:53.577824" level="INFO">Clicking element 'xpath=//div[@id='app']/div[12]/main/div/div/div/div/div/div[2]/div/div/div[2]/div/div/div/ul/li/div/div/div/div/p'.</msg>
<arg>xpath=//div[@id='app']/div[12]/main/div/div/div/div/div/div[2]/div/div/div[2]/div/div/div/ul/li/div/div/div/div/p</arg>
<doc>Click the element identified by ``locator``.</doc>
<status status="PASS" start="2024-07-09T11:26:53.577824" elapsed="0.116827"/>
</kw>
<kw name="Sleep" owner="BuiltIn">
<msg time="2024-07-09T11:26:56.695161" level="INFO">Slept 3 seconds.</msg>
<arg>3s</arg>
<doc>Pauses the test executed for the given time.</doc>
<status status="PASS" start="2024-07-09T11:26:53.694651" elapsed="3.000510"/>
</kw>
<kw name="Click Element" owner="SeleniumLibrary">
<msg time="2024-07-09T11:26:56.695161" level="INFO">Clicking element 'xpath=//input[@type='email']'.</msg>
<arg>xpath=//input[@type='email']</arg>
<doc>Click the element identified by ``locator``.</doc>
<status status="PASS" start="2024-07-09T11:26:56.695161" elapsed="0.103113"/>
</kw>
<kw name="Sleep" owner="BuiltIn">
<msg time="2024-07-09T11:26:59.798692" level="INFO">Slept 3 seconds.</msg>
<arg>3s</arg>
<doc>Pauses the test executed for the given time.</doc>
<status status="PASS" start="2024-07-09T11:26:56.798274" elapsed="3.000418"/>
</kw>
<kw name="Input Text" owner="SeleniumLibrary">
<msg time="2024-07-09T11:26:59.798692" level="INFO">Typing text 'test1@gmail.com' into text field 'xpath=//input[@type='email']'.</msg>
<arg>xpath=//input[@type='email']</arg>
<arg>test1@gmail.com</arg>
<doc>Types the given ``text`` into the text field identified by ``locator``.</doc>
<status status="PASS" start="2024-07-09T11:26:59.798692" elapsed="0.277986"/>
</kw>
<kw name="Sleep" owner="BuiltIn">
<msg time="2024-07-09T11:27:03.079348" level="INFO">Slept 3 seconds.</msg>
<arg>3s</arg>
<doc>Pauses the test executed for the given time.</doc>
<status status="PASS" start="2024-07-09T11:27:00.078236" elapsed="3.001112"/>
</kw>
<kw name="Input Text" owner="SeleniumLibrary">
<msg time="2024-07-09T11:27:03.079348" level="INFO">Typing text 'QA' into text field 'xpath=//div[@id='app']/div[12]/main/div/div/div/div/div/div[2]/div/div/div[2]/div/div/div/ul/li/div[2]/div/form/div[2]/div/div/div/div/div/input'.</msg>
<arg>xpath=//div[@id='app']/div[12]/main/div/div/div/div/div/div[2]/div/div/div[2]/div/div/div/ul/li/div[2]/div/form/div[2]/div/div/div/div/div/input</arg>
<arg>text=QA</arg>
<doc>Types the given ``text`` into the text field identified by ``locator``.</doc>
<status status="PASS" start="2024-07-09T11:27:03.079348" elapsed="0.206495"/>
</kw>
<kw name="Sleep" owner="BuiltIn">
<msg time="2024-07-09T11:27:06.286311" level="INFO">Slept 3 seconds.</msg>
<arg>3s</arg>
<doc>Pauses the test executed for the given time.</doc>
<status status="PASS" start="2024-07-09T11:27:03.285843" elapsed="3.000468"/>
</kw>
<kw name="Input Text" owner="SeleniumLibrary">
<msg time="2024-07-09T11:27:06.287347" level="INFO">Typing text 'Testing' into text field 'xpath=//div[@id='app']/div[12]/main/div/div/div/div/div/div[2]/div/div/div[2]/div/div/div/ul/li/div[2]/div/form/div[2]/div[2]/div/div/div/div/input'.</msg>
<arg>xpath=//div[@id='app']/div[12]/main/div/div/div/div/div/div[2]/div/div/div[2]/div/div/div/ul/li/div[2]/div/form/div[2]/div[2]/div/div/div/div/input</arg>
<arg>text=Testing</arg>
<doc>Types the given ``text`` into the text field identified by ``locator``.</doc>
<status status="PASS" start="2024-07-09T11:27:06.286311" elapsed="0.272649"/>
</kw>
<kw name="Sleep" owner="BuiltIn">
<msg time="2024-07-09T11:27:09.560757" level="INFO">Slept 3 seconds.</msg>
<arg>3s</arg>
<doc>Pauses the test executed for the given time.</doc>
<status status="PASS" start="2024-07-09T11:27:06.558960" elapsed="3.001797"/>
</kw>
<kw name="Input Text" owner="SeleniumLibrary">
<msg time="2024-07-09T11:27:09.561887" level="INFO">Typing text '8123456789' into text field 'name:telephone'.</msg>
<arg>name:telephone</arg>
<arg>8123456789</arg>
<doc>Types the given ``text`` into the text field identified by ``locator``.</doc>
<status status="PASS" start="2024-07-09T11:27:09.560757" elapsed="0.394107"/>
</kw>
<kw name="Sleep" owner="BuiltIn">
<msg time="2024-07-09T11:27:12.955751" level="INFO">Slept 3 seconds.</msg>
<arg>3s</arg>
<doc>Pauses the test executed for the given time.</doc>
<status status="PASS" start="2024-07-09T11:27:09.954864" elapsed="3.000887"/>
</kw>
<status status="PASS" start="2024-07-09T11:26:47.429268" elapsed="25.526483"/>
</kw>
<kw name="Review">
<kw name="Click Element" owner="SeleniumLibrary">
<msg time="2024-07-09T11:27:12.955751" level="INFO">Clicking element 'xpath=//div[@id='app']/div[12]/main/div/div/div/div/div/div[2]/div/div/div[2]/div/div/div/div[3]/button/div'.</msg>
<arg>xpath=//div[@id='app']/div[12]/main/div/div/div/div/div/div[2]/div/div/div[2]/div/div/div/div[3]/button/div</arg>
<doc>Click the element identified by ``locator``.</doc>
<status status="PASS" start="2024-07-09T11:27:12.955751" elapsed="0.305988"/>
</kw>
<kw name="Sleep" owner="BuiltIn">
<msg time="2024-07-09T11:27:16.262040" level="INFO">Slept 3 seconds.</msg>
<arg>3s</arg>
<doc>Pauses the test executed for the given time.</doc>
<status status="PASS" start="2024-07-09T11:27:13.261739" elapsed="3.000301"/>
</kw>
<status status="PASS" start="2024-07-09T11:27:12.955751" elapsed="3.306289"/>
</kw>
<kw name="Continue to Payment">
<kw name="Click Element" owner="SeleniumLibrary">
<msg time="2024-07-09T11:27:16.262040" level="INFO">Clicking element 'xpath=//div[@id='app']/div[12]/main/div/div/div/div/div/div[2]/div/div/div[2]/div[2]/div/div/div[3]/button/div'.</msg>
<arg>xpath=//div[@id='app']/div[12]/main/div/div/div/div/div/div[2]/div/div/div[2]/div[2]/div/div/div[3]/button/div</arg>
<doc>Click the element identified by ``locator``.</doc>
<status status="PASS" start="2024-07-09T11:27:16.262040" elapsed="0.169948"/>
</kw>
<kw name="Sleep" owner="BuiltIn">
<msg time="2024-07-09T11:27:19.432660" level="INFO">Slept 3 seconds.</msg>
<arg>3s</arg>
<doc>Pauses the test executed for the given time.</doc>
<status status="PASS" start="2024-07-09T11:27:16.431988" elapsed="3.000672"/>
</kw>
<status status="PASS" start="2024-07-09T11:27:16.262040" elapsed="3.170620"/>
</kw>
<kw name="Select payment BCA VA">
<kw name="Click Element" owner="SeleniumLibrary">
<msg time="2024-07-09T11:27:19.435830" level="INFO">Clicking element 'xpath=//div[@id='app']/div[13]/main/div/div/div/div/div/div[2]/div/div/div[2]/div[3]/div/div/div[3]/div/div/div/div[2]/div/div/div'.</msg>
<arg>xpath=//div[@id='app']/div[13]/main/div/div/div/div/div/div[2]/div/div/div[2]/div[3]/div/div/div[3]/div/div/div/div[2]/div/div/div</arg>
<doc>Click the element identified by ``locator``.</doc>
<status status="PASS" start="2024-07-09T11:27:19.434677" elapsed="0.150094"/>
</kw>
<kw name="Sleep" owner="BuiltIn">
<msg time="2024-07-09T11:27:22.586511" level="INFO">Slept 3 seconds.</msg>
<arg>3s</arg>
<doc>Pauses the test executed for the given time.</doc>
<status status="PASS" start="2024-07-09T11:27:19.584771" elapsed="3.001740"/>
</kw>
<status status="PASS" start="2024-07-09T11:27:19.434677" elapsed="3.151834"/>
</kw>
<kw name="Check">
<kw name="Click Element" owner="SeleniumLibrary">
<msg time="2024-07-09T11:27:22.586511" level="INFO">Clicking element 'xpath=//div[@id='app']/div[13]/main/div/div/div/div/div/div[2]/div/div/div[2]/div[3]/div/div/div[5]/div/div/div/div/div/div/div'.</msg>
<arg>xpath=//div[@id='app']/div[13]/main/div/div/div/div/div/div[2]/div/div/div[2]/div[3]/div/div/div[5]/div/div/div/div/div/div/div</arg>
<doc>Click the element identified by ``locator``.</doc>
<status status="PASS" start="2024-07-09T11:27:22.586511" elapsed="0.188596"/>
</kw>
<kw name="Sleep" owner="BuiltIn">
<msg time="2024-07-09T11:27:25.775409" level="INFO">Slept 3 seconds.</msg>
<arg>3s</arg>
<doc>Pauses the test executed for the given time.</doc>
<status status="PASS" start="2024-07-09T11:27:22.775107" elapsed="3.000302"/>
</kw>
<status status="PASS" start="2024-07-09T11:27:22.586511" elapsed="3.188898"/>
</kw>
<kw name="Pay">
<kw name="Click Element" owner="SeleniumLibrary">
<msg time="2024-07-09T11:27:25.776447" level="INFO">Clicking element 'xpath=//div[@id='app']/div[13]/main/div/div/div/div/div/div[2]/div/div/div[2]/div[3]/div/div/div[5]/div[2]/button/div'.</msg>
<arg>xpath=//div[@id='app']/div[13]/main/div/div/div/div/div/div[2]/div/div/div[2]/div[3]/div/div/div[5]/div[2]/button/div</arg>
<doc>Click the element identified by ``locator``.</doc>
<status status="PASS" start="2024-07-09T11:27:25.776447" elapsed="0.241214"/>
</kw>
<kw name="Sleep" owner="BuiltIn">
<msg time="2024-07-09T11:27:29.019796" level="INFO">Slept 3 seconds.</msg>
<arg>3s</arg>
<doc>Pauses the test executed for the given time.</doc>
<status status="PASS" start="2024-07-09T11:27:26.017661" elapsed="3.002135"/>
</kw>
<status status="PASS" start="2024-07-09T11:27:25.776447" elapsed="3.243349"/>
</kw>
<kw name="View Payment Instruction">
<kw name="Click Element" owner="SeleniumLibrary">
<msg time="2024-07-09T11:27:29.021833" level="INFO">Clicking element 'xpath=//div[@id='app']/div[2]/div/div/div[3]/button/div'.</msg>
<arg>xpath=//div[@id='app']/div[2]/div/div/div[3]/button/div</arg>
<doc>Click the element identified by ``locator``.</doc>
<status status="PASS" start="2024-07-09T11:27:29.021833" elapsed="0.220982"/>
</kw>
<kw name="Sleep" owner="BuiltIn">
<msg time="2024-07-09T11:27:32.243026" level="INFO">Slept 3 seconds.</msg>
<arg>3s</arg>
<doc>Pauses the test executed for the given time.</doc>
<status status="PASS" start="2024-07-09T11:27:29.242815" elapsed="3.000211"/>
</kw>
<kw name="Location Should Be" owner="SeleniumLibrary">
<msg time="2024-07-09T11:27:32.253786" level="INFO">Current location is 'https://web.santikadev.com/payment-instruction'.</msg>
<arg>url=https://web.santikadev.com/payment-instruction</arg>
<doc>Verifies that the current URL is exactly ``url``.</doc>
<status status="PASS" start="2024-07-09T11:27:32.243026" elapsed="0.010760"/>
</kw>
<kw name="Sleep" owner="BuiltIn">
<msg time="2024-07-09T11:27:35.253853" level="INFO">Slept 3 seconds.</msg>
<arg>3s</arg>
<doc>Pauses the test executed for the given time.</doc>
<status status="PASS" start="2024-07-09T11:27:32.253786" elapsed="3.000067"/>
</kw>
<status status="PASS" start="2024-07-09T11:27:29.019796" elapsed="6.234057"/>
</kw>
<kw name="Copy VA">
<kw name="Click Element" owner="SeleniumLibrary">
<msg time="2024-07-09T11:27:35.253853" level="INFO">Clicking element 'xpath=//div[@id='app']/div[4]/main/div/div/div/div/div/div/div/div/div[3]/div[2]/div[2]/div[2]/div'.</msg>
<arg>xpath=//div[@id='app']/div[4]/main/div/div/div/div/div/div/div/div/div[3]/div[2]/div[2]/div[2]/div</arg>
<doc>Click the element identified by ``locator``.</doc>
<status status="PASS" start="2024-07-09T11:27:35.253853" elapsed="0.140768"/>
</kw>
<kw name="Sleep" owner="BuiltIn">
<msg time="2024-07-09T11:27:38.397124" level="INFO">Slept 3 seconds.</msg>
<arg>3s</arg>
<doc>Pauses the test executed for the given time.</doc>
<status status="PASS" start="2024-07-09T11:27:35.394621" elapsed="3.002503"/>
</kw>
<kw name="Get Text" owner="SeleniumLibrary">
<msg time="2024-07-09T11:27:38.453778" level="INFO">${va_number} = 7711614420628123456789</msg>
<var>${va_number}</var>
<arg>xpath=/html/body/div[1]/div/div/div[4]/main/div/div/div/div/div/div/div[1]/div/div[3]/div[2]/div[2]/div[1]/div[2]</arg>
<doc>Returns the text value of the element identified by ``locator``.</doc>
<status status="PASS" start="2024-07-09T11:27:38.397124" elapsed="0.056654"/>
</kw>
<kw name="Sleep" owner="BuiltIn">
<msg time="2024-07-09T11:27:41.454277" level="INFO">Slept 3 seconds.</msg>
<arg>3s</arg>
<doc>Pauses the test executed for the given time.</doc>
<status status="PASS" start="2024-07-09T11:27:38.453778" elapsed="3.000499"/>
</kw>
<kw name="Log" owner="BuiltIn">
<msg time="2024-07-09T11:27:41.454277" level="INFO">7711614420628123456789</msg>
<arg>${va_number}</arg>
<doc>Logs the given message with the given level.</doc>
<status status="PASS" start="2024-07-09T11:27:41.454277" elapsed="0.000000"/>
</kw>
<kw name="Sleep" owner="BuiltIn">
<msg time="2024-07-09T11:27:44.456352" level="INFO">Slept 3 seconds.</msg>
<arg>3s</arg>
<doc>Pauses the test executed for the given time.</doc>
<status status="PASS" start="2024-07-09T11:27:41.454277" elapsed="3.002075"/>
</kw>
<kw name="Capture Page Screenshot" owner="SeleniumLibrary">
<msg time="2024-07-09T11:27:44.654179" level="INFO" html="true">&lt;/td&gt;&lt;/tr&gt;&lt;tr&gt;&lt;td colspan="3"&gt;&lt;a href="payment_page.png"&gt;&lt;img src="payment_page.png" width="800px"&gt;&lt;/a&gt;</msg>
<arg>filename=payment_page.png</arg>
<doc>Takes a screenshot of the current page and embeds it into a log file.</doc>
<status status="PASS" start="2024-07-09T11:27:44.456352" elapsed="0.197827"/>
</kw>
<status status="PASS" start="2024-07-09T11:27:35.253853" elapsed="9.400326"/>
</kw>
<kw name="Close Browser" owner="SeleniumLibrary" type="TEARDOWN">
<doc>Closes the current browser.</doc>
<status status="PASS" start="2024-07-09T11:27:44.654179" elapsed="2.436759"/>
</kw>
<status status="PASS" start="2024-07-09T11:26:25.656817" elapsed="81.435193"/>
</test>
<doc>Simple example using SeleniumLibrary.</doc>
<status status="PASS" start="2024-07-09T11:26:25.453270" elapsed="81.640248"/>
</suite>
<statistics>
<total>
<stat pass="1" fail="0" skip="0">All Tests</stat>
</total>
<tag>
</tag>
<suite>
<stat pass="1" fail="0" skip="0" id="s1" name="Create Va">Create Va</stat>
</suite>
</statistics>
<errors>
</errors>
</robot>
