<?xml version="1.0" encoding="UTF-8"?>
<robot generator="Robot 7.0.1 (Python 3.12.4 on win32)" generated="2024-07-10T11:08:58.835352" rpa="false" schemaversion="5">
<suite id="s1" name="Robot Create Va" source="D:\robot_create_va">
<suite id="s1-s1" name="Create Va" source="D:\robot_create_va\create_va.robot">
<test id="s1-s1-t1" name="Generate VA number" line="10">
<kw name="Open Browser To Merchant Page">
<kw name="Open Browser" owner="SeleniumLibrary">
<msg time="2024-07-10T11:08:59.060844" level="INFO">Opening browser 'Chrome' to base url 'https://web.santikadev.com/hotel?hotelId=43&amp;checkInDate=2024-07-29&amp;duration=1&amp;rooms=1&amp;specialRateCode'.</msg>
<arg>${URL}</arg>
<arg>${BROWSER}</arg>
<doc>Opens a new browser instance to the optional ``url``.</doc>
<status status="PASS" start="2024-07-10T11:08:59.060844" elapsed="13.277088"/>
</kw>
<kw name="Maximize Browser Window" owner="SeleniumLibrary">
<doc>Maximizes current browser window.</doc>
<status status="PASS" start="2024-07-10T11:09:12.337932" elapsed="0.061798"/>
</kw>
<kw name="Page Should Contain" owner="SeleniumLibrary">
<msg time="2024-07-10T11:09:12.439636" level="INFO">Current page contains text 'Select Room'.</msg>
<arg>text=Select Room</arg>
<arg>loglevel=TRACE</arg>
<doc>Verifies that current page contains ``text``.</doc>
<status status="PASS" start="2024-07-10T11:09:12.399730" elapsed="0.039906"/>
</kw>
<status status="PASS" start="2024-07-10T11:08:59.060844" elapsed="13.379831"/>
</kw>
<kw name="Select Room">
<kw name="Click Element" owner="SeleniumLibrary">
<msg time="2024-07-10T11:09:12.443803" level="INFO">Clicking element 'xpath=//div[@id='hotel-general']/div[2]/div[2]/div/div/button/div'.</msg>
<arg>xpath=//div[@id='hotel-general']/div[2]/div[2]/div/div/button/div</arg>
<doc>Click the element identified by ``locator``.</doc>
<status status="PASS" start="2024-07-10T11:09:12.443273" elapsed="0.088787"/>
</kw>
<kw name="Sleep" owner="BuiltIn">
<msg time="2024-07-10T11:09:15.533068" level="INFO">Slept 3 seconds.</msg>
<arg>3s</arg>
<doc>Pauses the test executed for the given time.</doc>
<status status="PASS" start="2024-07-10T11:09:12.532060" elapsed="3.001008"/>
</kw>
<kw name="Click Element" owner="SeleniumLibrary">
<msg time="2024-07-10T11:09:15.533068" level="INFO">Clicking element 'xpath=//div[@id='room-list']/div/div/div[4]/div/div[4]/div/button/div'.</msg>
<arg>xpath=//div[@id='room-list']/div/div/div[4]/div/div[4]/div/button/div</arg>
<doc>Click the element identified by ``locator``.</doc>
<status status="PASS" start="2024-07-10T11:09:15.533068" elapsed="0.096589"/>
</kw>
<kw name="Sleep" owner="BuiltIn">
<msg time="2024-07-10T11:09:18.631369" level="INFO">Slept 3 seconds.</msg>
<arg>3s</arg>
<doc>Pauses the test executed for the given time.</doc>
<status status="PASS" start="2024-07-10T11:09:15.629657" elapsed="3.001712"/>
</kw>
<kw name="Click Element" owner="SeleniumLibrary">
<msg time="2024-07-10T11:09:18.631369" level="INFO">Clicking element 'xpath=//div[@id='room']/div/div/div[2]/div/div/div/div/div[4]/button/div'.</msg>
<arg>xpath=//div[@id='room']/div/div/div[2]/div/div/div/div/div[4]/button/div</arg>
<doc>Click the element identified by ``locator``.</doc>
<status status="PASS" start="2024-07-10T11:09:18.631369" elapsed="0.071429"/>
</kw>
<kw name="Sleep" owner="BuiltIn">
<msg time="2024-07-10T11:09:21.703305" level="INFO">Slept 3 seconds.</msg>
<arg>3s</arg>
<doc>Pauses the test executed for the given time.</doc>
<status status="PASS" start="2024-07-10T11:09:18.702798" elapsed="3.000507"/>
</kw>
<status status="PASS" start="2024-07-10T11:09:12.441701" elapsed="9.261604"/>
</kw>
<kw name="Fill in Data">
<kw name="Location Should Be" owner="SeleniumLibrary">
<msg time="2024-07-10T11:09:21.719691" level="INFO">Current location is 'https://web.santikadev.com/booking'.</msg>
<arg>https://web.santikadev.com/booking</arg>
<doc>Verifies that the current URL is exactly ``url``.</doc>
<status status="PASS" start="2024-07-10T11:09:21.703305" elapsed="0.016386"/>
</kw>
<kw name="Sleep" owner="BuiltIn">
<msg time="2024-07-10T11:09:24.720058" level="INFO">Slept 3 seconds.</msg>
<arg>3s</arg>
<doc>Pauses the test executed for the given time.</doc>
<status status="PASS" start="2024-07-10T11:09:21.719691" elapsed="3.000367"/>
</kw>
<kw name="Click Element" owner="SeleniumLibrary">
<msg time="2024-07-10T11:09:24.720058" level="INFO">Clicking element 'xpath=//div[@id='app']/div[12]/main/div/div/div/div/div/div[2]/div/div/div[2]/div/div/div/div/div/div/div/div/div'.</msg>
<arg>xpath=//div[@id='app']/div[12]/main/div/div/div/div/div/div[2]/div/div/div[2]/div/div/div/div/div/div/div/div/div</arg>
<doc>Click the element identified by ``locator``.</doc>
<status status="PASS" start="2024-07-10T11:09:24.720058" elapsed="0.154183"/>
</kw>
<kw name="Sleep" owner="BuiltIn">
<msg time="2024-07-10T11:09:27.874493" level="INFO">Slept 3 seconds.</msg>
<arg>3s</arg>
<doc>Pauses the test executed for the given time.</doc>
<status status="PASS" start="2024-07-10T11:09:24.874241" elapsed="3.001289"/>
</kw>
<kw name="Click Element" owner="SeleniumLibrary">
<msg time="2024-07-10T11:09:27.877719" level="INFO">Clicking element 'xpath=//div[@id='app']/div[12]/main/div/div/div/div/div/div[2]/div/div/div[2]/div/div/div/ul/li/div/div/div/div/p'.</msg>
<arg>xpath=//div[@id='app']/div[12]/main/div/div/div/div/div/div[2]/div/div/div[2]/div/div/div/ul/li/div/div/div/div/p</arg>
<doc>Click the element identified by ``locator``.</doc>
<status status="PASS" start="2024-07-10T11:09:27.876587" elapsed="0.089224"/>
</kw>
<kw name="Sleep" owner="BuiltIn">
<msg time="2024-07-10T11:09:30.966209" level="INFO">Slept 3 seconds.</msg>
<arg>3s</arg>
<doc>Pauses the test executed for the given time.</doc>
<status status="PASS" start="2024-07-10T11:09:27.965811" elapsed="3.000398"/>
</kw>
<kw name="Click Element" owner="SeleniumLibrary">
<msg time="2024-07-10T11:09:30.966209" level="INFO">Clicking element 'xpath=//input[@type='email']'.</msg>
<arg>xpath=//input[@type='email']</arg>
<doc>Click the element identified by ``locator``.</doc>
<status status="PASS" start="2024-07-10T11:09:30.966209" elapsed="0.108727"/>
</kw>
<kw name="Sleep" owner="BuiltIn">
<msg time="2024-07-10T11:09:34.078450" level="INFO">Slept 3 seconds.</msg>
<arg>3s</arg>
<doc>Pauses the test executed for the given time.</doc>
<status status="PASS" start="2024-07-10T11:09:31.074936" elapsed="3.003514"/>
</kw>
<kw name="Input Text" owner="SeleniumLibrary">
<msg time="2024-07-10T11:09:34.081427" level="INFO">Typing text 'test1@gmail.com' into text field 'xpath=//input[@type='email']'.</msg>
<arg>xpath=//input[@type='email']</arg>
<arg>test1@gmail.com</arg>
<doc>Types the given ``text`` into the text field identified by ``locator``.</doc>
<status status="PASS" start="2024-07-10T11:09:34.079485" elapsed="0.413925"/>
</kw>
<kw name="Sleep" owner="BuiltIn">
<msg time="2024-07-10T11:09:37.495595" level="INFO">Slept 3 seconds.</msg>
<arg>3s</arg>
<doc>Pauses the test executed for the given time.</doc>
<status status="PASS" start="2024-07-10T11:09:34.494029" elapsed="3.002701"/>
</kw>
<kw name="Input Text" owner="SeleniumLibrary">
<msg time="2024-07-10T11:09:37.499534" level="INFO">Typing text 'QA' into text field 'xpath=//div[@id='app']/div[12]/main/div/div/div/div/div/div[2]/div/div/div[2]/div/div/div/ul/li/div[2]/div/form/div[2]/div/div/div/div/div/input'.</msg>
<arg>xpath=//div[@id='app']/div[12]/main/div/div/div/div/div/div[2]/div/div/div[2]/div/div/div/ul/li/div[2]/div/form/div[2]/div/div/div/div/div/input</arg>
<arg>text=QA</arg>
<doc>Types the given ``text`` into the text field identified by ``locator``.</doc>
<status status="PASS" start="2024-07-10T11:09:37.497480" elapsed="0.208090"/>
</kw>
<kw name="Sleep" owner="BuiltIn">
<msg time="2024-07-10T11:09:40.709804" level="INFO">Slept 3 seconds.</msg>
<arg>3s</arg>
<doc>Pauses the test executed for the given time.</doc>
<status status="PASS" start="2024-07-10T11:09:37.705570" elapsed="3.004234"/>
</kw>
<kw name="Input Text" owner="SeleniumLibrary">
<msg time="2024-07-10T11:09:40.709804" level="INFO">Typing text 'Testing' into text field 'xpath=//div[@id='app']/div[12]/main/div/div/div/div/div/div[2]/div/div/div[2]/div/div/div/ul/li/div[2]/div/form/div[2]/div[2]/div/div/div/div/input'.</msg>
<arg>xpath=//div[@id='app']/div[12]/main/div/div/div/div/div/div[2]/div/div/div[2]/div/div/div/ul/li/div[2]/div/form/div[2]/div[2]/div/div/div/div/input</arg>
<arg>text=Testing</arg>
<doc>Types the given ``text`` into the text field identified by ``locator``.</doc>
<status status="PASS" start="2024-07-10T11:09:40.709804" elapsed="0.304833"/>
</kw>
<kw name="Sleep" owner="BuiltIn">
<msg time="2024-07-10T11:09:44.015165" level="INFO">Slept 3 seconds.</msg>
<arg>3s</arg>
<doc>Pauses the test executed for the given time.</doc>
<status status="PASS" start="2024-07-10T11:09:41.014637" elapsed="3.000528"/>
</kw>
<kw name="Input Text" owner="SeleniumLibrary">
<msg time="2024-07-10T11:09:44.015165" level="INFO">Typing text '8123456789' into text field 'name:telephone'.</msg>
<arg>name:telephone</arg>
<arg>8123456789</arg>
<doc>Types the given ``text`` into the text field identified by ``locator``.</doc>
<status status="PASS" start="2024-07-10T11:09:44.015165" elapsed="0.483526"/>
</kw>
<kw name="Sleep" owner="BuiltIn">
<msg time="2024-07-10T11:09:47.500001" level="INFO">Slept 3 seconds.</msg>
<arg>3s</arg>
<doc>Pauses the test executed for the given time.</doc>
<status status="PASS" start="2024-07-10T11:09:44.498691" elapsed="3.001310"/>
</kw>
<status status="PASS" start="2024-07-10T11:09:21.703305" elapsed="25.796696"/>
</kw>
<kw name="Review">
<kw name="Click Element" owner="SeleniumLibrary">
<msg time="2024-07-10T11:09:47.504986" level="INFO">Clicking element 'xpath=//div[@id='app']/div[12]/main/div/div/div/div/div/div[2]/div/div/div[2]/div/div/div/div[3]/button/div'.</msg>
<arg>xpath=//div[@id='app']/div[12]/main/div/div/div/div/div/div[2]/div/div/div[2]/div/div/div/div[3]/button/div</arg>
<doc>Click the element identified by ``locator``.</doc>
<status status="PASS" start="2024-07-10T11:09:47.501458" elapsed="0.303181"/>
</kw>
<kw name="Sleep" owner="BuiltIn">
<msg time="2024-07-10T11:09:50.804768" level="INFO">Slept 3 seconds.</msg>
<arg>3s</arg>
<doc>Pauses the test executed for the given time.</doc>
<status status="PASS" start="2024-07-10T11:09:47.804639" elapsed="3.000129"/>
</kw>
<status status="PASS" start="2024-07-10T11:09:47.501458" elapsed="3.303310"/>
</kw>
<kw name="Continue to Payment">
<kw name="Click Element" owner="SeleniumLibrary">
<msg time="2024-07-10T11:09:50.812959" level="INFO">Clicking element 'xpath=//div[@id='app']/div[12]/main/div/div/div/div/div/div[2]/div/div/div[2]/div[2]/div/div/div[3]/button/div'.</msg>
<arg>xpath=//div[@id='app']/div[12]/main/div/div/div/div/div/div[2]/div/div/div[2]/div[2]/div/div/div[3]/button/div</arg>
<doc>Click the element identified by ``locator``.</doc>
<status status="PASS" start="2024-07-10T11:09:50.811443" elapsed="0.158532"/>
</kw>
<kw name="Sleep" owner="BuiltIn">
<msg time="2024-07-10T11:09:53.973551" level="INFO">Slept 3 seconds.</msg>
<arg>3s</arg>
<doc>Pauses the test executed for the given time.</doc>
<status status="PASS" start="2024-07-10T11:09:50.971580" elapsed="3.001971"/>
</kw>
<status status="PASS" start="2024-07-10T11:09:50.809858" elapsed="3.163693"/>
</kw>
<kw name="Select payment BCA">
<kw name="Click Element" owner="SeleniumLibrary">
<msg time="2024-07-10T11:09:53.976091" level="INFO">Clicking element 'xpath=//*[contains(text(), "BCA Transfer")]'.</msg>
<arg>xpath=//*[contains(text(), "BCA Transfer")]</arg>
<doc>Click the element identified by ``locator``.</doc>
<status status="PASS" start="2024-07-10T11:09:53.976091" elapsed="0.153509"/>
</kw>
<kw name="Sleep" owner="BuiltIn">
<msg time="2024-07-10T11:09:57.134175" level="INFO">Slept 3 seconds.</msg>
<arg>3s</arg>
<doc>Pauses the test executed for the given time.</doc>
<status status="PASS" start="2024-07-10T11:09:54.129600" elapsed="3.004575"/>
</kw>
<status status="PASS" start="2024-07-10T11:09:53.976091" elapsed="3.158084"/>
</kw>
<kw name="Check">
<kw name="Click Element" owner="SeleniumLibrary">
<msg time="2024-07-10T11:09:57.141255" level="INFO">Clicking element 'xpath=//div[@id='app']/div[13]/main/div/div/div/div/div/div[2]/div/div/div[2]/div[3]/div/div/div[5]/div/div/div/div/div/div/div'.</msg>
<arg>xpath=//div[@id='app']/div[13]/main/div/div/div/div/div/div[2]/div/div/div[2]/div[3]/div/div/div[5]/div/div/div/div/div/div/div</arg>
<doc>Click the element identified by ``locator``.</doc>
<status status="PASS" start="2024-07-10T11:09:57.141255" elapsed="0.159194"/>
</kw>
<kw name="Sleep" owner="BuiltIn">
<msg time="2024-07-10T11:10:00.300779" level="INFO">Slept 3 seconds.</msg>
<arg>3s</arg>
<doc>Pauses the test executed for the given time.</doc>
<status status="PASS" start="2024-07-10T11:09:57.300449" elapsed="3.000330"/>
</kw>
<status status="PASS" start="2024-07-10T11:09:57.136216" elapsed="3.165661"/>
</kw>
<kw name="Pay">
<kw name="Click Element" owner="SeleniumLibrary">
<msg time="2024-07-10T11:10:00.303463" level="INFO">Clicking element 'xpath=//div[@id='app']/div[13]/main/div/div/div/div/div/div[2]/div/div/div[2]/div[3]/div/div/div[5]/div[2]/button/div'.</msg>
<arg>xpath=//div[@id='app']/div[13]/main/div/div/div/div/div/div[2]/div/div/div[2]/div[3]/div/div/div[5]/div[2]/button/div</arg>
<doc>Click the element identified by ``locator``.</doc>
<status status="PASS" start="2024-07-10T11:10:00.303463" elapsed="0.126193"/>
</kw>
<kw name="Sleep" owner="BuiltIn">
<msg time="2024-07-10T11:10:03.435149" level="INFO">Slept 3 seconds.</msg>
<arg>3s</arg>
<doc>Pauses the test executed for the given time.</doc>
<status status="PASS" start="2024-07-10T11:10:00.429656" elapsed="3.005493"/>
</kw>
<status status="PASS" start="2024-07-10T11:10:00.303463" elapsed="3.131686"/>
</kw>
<kw name="View Payment Instruction">
<kw name="Click Element" owner="SeleniumLibrary">
<msg time="2024-07-10T11:10:03.439848" level="INFO">Clicking element 'xpath=//div[@id='app']/div[2]/div/div/div[3]/button/div'.</msg>
<arg>xpath=//div[@id='app']/div[2]/div/div/div[3]/button/div</arg>
<doc>Click the element identified by ``locator``.</doc>
<status status="PASS" start="2024-07-10T11:10:03.439848" elapsed="0.142290"/>
</kw>
<kw name="Sleep" owner="BuiltIn">
<msg time="2024-07-10T11:10:06.582610" level="INFO">Slept 3 seconds.</msg>
<arg>3s</arg>
<doc>Pauses the test executed for the given time.</doc>
<status status="PASS" start="2024-07-10T11:10:03.582138" elapsed="3.000472"/>
</kw>
<kw name="Location Should Be" owner="SeleniumLibrary">
<msg time="2024-07-10T11:10:06.603730" level="INFO">Current location is 'https://web.santikadev.com/payment-instruction'.</msg>
<arg>url=https://web.santikadev.com/payment-instruction</arg>
<doc>Verifies that the current URL is exactly ``url``.</doc>
<status status="PASS" start="2024-07-10T11:10:06.582610" elapsed="0.021120"/>
</kw>
<kw name="Sleep" owner="BuiltIn">
<msg time="2024-07-10T11:10:09.604194" level="INFO">Slept 3 seconds.</msg>
<arg>3s</arg>
<doc>Pauses the test executed for the given time.</doc>
<status status="PASS" start="2024-07-10T11:10:06.603730" elapsed="3.000464"/>
</kw>
<status status="PASS" start="2024-07-10T11:10:03.437671" elapsed="6.167601"/>
</kw>
<kw name="Copy VA">
<kw name="Click Element" owner="SeleniumLibrary">
<msg time="2024-07-10T11:10:09.609383" level="INFO">Clicking element 'xpath=//div[@id='app']/div[4]/main/div/div/div/div/div/div/div/div/div[3]/div[2]/div[2]/div[2]/div'.</msg>
<arg>xpath=//div[@id='app']/div[4]/main/div/div/div/div/div/div/div/div/div[3]/div[2]/div[2]/div[2]/div</arg>
<doc>Click the element identified by ``locator``.</doc>
<status status="PASS" start="2024-07-10T11:10:09.609383" elapsed="0.143747"/>
</kw>
<kw name="Sleep" owner="BuiltIn">
<msg time="2024-07-10T11:10:12.753748" level="INFO">Slept 3 seconds.</msg>
<arg>3s</arg>
<doc>Pauses the test executed for the given time.</doc>
<status status="PASS" start="2024-07-10T11:10:09.753130" elapsed="3.000618"/>
</kw>
<kw name="Get Text" owner="SeleniumLibrary">
<msg time="2024-07-10T11:10:12.800475" level="INFO">${va_number} = 7719314444628123456789</msg>
<var>${va_number}</var>
<arg>xpath=/html/body/div[1]/div/div/div[4]/main/div/div/div/div/div/div/div[1]/div/div[3]/div[2]/div[2]/div[1]/div[2]</arg>
<doc>Returns the text value of the element identified by ``locator``.</doc>
<status status="PASS" start="2024-07-10T11:10:12.753748" elapsed="0.046727"/>
</kw>
<kw name="Sleep" owner="BuiltIn">
<msg time="2024-07-10T11:10:15.801048" level="INFO">Slept 3 seconds.</msg>
<arg>3s</arg>
<doc>Pauses the test executed for the given time.</doc>
<status status="PASS" start="2024-07-10T11:10:12.800475" elapsed="3.000573"/>
</kw>
<kw name="Log" owner="BuiltIn">
<msg time="2024-07-10T11:10:15.801048" level="INFO">7719314444628123456789</msg>
<arg>${va_number}</arg>
<doc>Logs the given message with the given level.</doc>
<status status="PASS" start="2024-07-10T11:10:15.801048" elapsed="0.000000"/>
</kw>
<kw name="Sleep" owner="BuiltIn">
<msg time="2024-07-10T11:10:18.806677" level="INFO">Slept 3 seconds.</msg>
<arg>3s</arg>
<doc>Pauses the test executed for the given time.</doc>
<status status="PASS" start="2024-07-10T11:10:15.801048" elapsed="3.005629"/>
</kw>
<kw name="Capture Page Screenshot" owner="SeleniumLibrary">
<msg time="2024-07-10T11:10:19.007504" level="INFO" html="true">&lt;/td&gt;&lt;/tr&gt;&lt;tr&gt;&lt;td colspan="3"&gt;&lt;a href="payment_page.png"&gt;&lt;img src="payment_page.png" width="800px"&gt;&lt;/a&gt;</msg>
<arg>filename=payment_page.png</arg>
<doc>Takes a screenshot of the current page and embeds it into a log file.</doc>
<status status="PASS" start="2024-07-10T11:10:18.809697" elapsed="0.199827"/>
</kw>
<status status="PASS" start="2024-07-10T11:10:09.607358" elapsed="9.402166"/>
</kw>
<kw name="Close Browser" owner="SeleniumLibrary" type="TEARDOWN">
<doc>Closes the current browser.</doc>
<status status="PASS" start="2024-07-10T11:10:19.011197" elapsed="2.408740"/>
</kw>
<status status="PASS" start="2024-07-10T11:08:59.055750" elapsed="82.365487"/>
</test>
<doc>Simple example using SeleniumLibrary.</doc>
<status status="PASS" start="2024-07-10T11:08:58.859835" elapsed="82.564407"/>
</suite>
<status status="PASS" start="2024-07-10T11:08:58.840051" elapsed="82.595917"/>
</suite>
<statistics>
<total>
<stat pass="1" fail="0" skip="0">All Tests</stat>
</total>
<tag>
</tag>
<suite>
<stat pass="1" fail="0" skip="0" id="s1" name="Robot Create Va">Robot Create Va</stat>
<stat pass="1" fail="0" skip="0" id="s1-s1" name="Create Va">Robot Create Va.Create Va</stat>
</suite>
</statistics>
<errors>
</errors>
</robot>
